<?xml version="1.0" encoding="UTF-8"?>
<testsuite name="com.gildedrose.GildedRoseTest" tests="1" skipped="0" failures="0" errors="0" timestamp="2020-11-13T10:44:19" hostname="frederic-G501JW" time="0.019">
  <properties/>
  <testcase name="foo()" classname="com.gildedrose.GildedRoseTest" time="0.019"/>
  <system-out><![CDATA[]]></system-out>
  <system-err><![CDATA[]]></system-err>
</testsuite>
